<?xml version="1.0" encoding="UTF-8"?>
<!-- Generated by org.testng.reporters.JUnitReportReporter -->
<testsuite skipped="0" hostname="LGOP1504" name="example.NewTest" tests="1" failures="0" timestamp="2019-12-19T15:40:22 CET" time="7.014" errors="0">
  <testcase name="demoTest" time="7.014" classname="example.NewTest"/>
</testsuite> <!-- example.NewTest -->
