<?xml version="1.0" encoding="UTF-8"?>
<!-- Generated by org.testng.reporters.JUnitReportReporter -->
<testsuite skipped="0" hostname="LGOP1504" name="example.NewTest" tests="1" failures="0" timestamp="2020-01-10T15:28:27 CET" time="8.128" errors="0">
  <testcase name="demoTest" time="8.128" classname="example.NewTest"/>
</testsuite> <!-- example.NewTest -->
