<?xml version="1.0" encoding="UTF-8"?>
<!-- Generated by org.testng.reporters.JUnitReportReporter -->
<testsuite skipped="0" hostname="LGOP1504" name="example.NewTest" tests="1" failures="0" timestamp="2020-04-20T10:13:53 CEST" time="7.752" errors="0">
  <testcase name="demoTest" time="7.752" classname="example.NewTest"/>
</testsuite> <!-- example.NewTest -->
